#
# There is insufficient memory for the Java Runtime Environment to continue.
# Native memory allocation (mmap) failed to map 4161536 bytes for Failed to commit area from 0x000001df36120000 to 0x000001df36518000 of length 4161536.
# Possible reasons:
#   The system is out of physical RAM or swap space
#   The process is running with CompressedOops enabled, and the Java Heap may be blocking the growth of the native heap
# Possible solutions:
#   Reduce memory load on the system
#   Increase physical memory or swap space
#   Check if swap backing store is full
#   Decrease Java heap size (-Xmx/-Xms)
#   Decrease number of Java threads
#   Decrease Java thread stack sizes (-Xss)
#   Set larger code cache with -XX:ReservedCodeCacheSize=
# This output file may be truncated or incomplete.
#
#  Out of Memory Error (t:/workspace/open/src/hotspot/os/windows/os_windows.cpp:3301), pid=10636, tid=25280
#
# JRE version:  (13.0.2+8) (build )
# Java VM: Java HotSpot(TM) 64-Bit Server VM (13.0.2+8, mixed mode, aot, sharing, tiered, compressed oops, g1 gc, windows-amd64)
# No core dump will be written. Minidumps are not enabled by default on client versions of Windows
#

---------------  S U M M A R Y ------------

Command Line: com.mycompany.movieticket.movieticket

Host: Intel(R) Core(TM) i7-8750H CPU @ 2.20GHz, 12 cores, 15G,  Windows 10 , 64 bit Build 19041 (10.0.19041.1202)
Time: Fri Oct 29 19:56:47 2021 US Eastern Daylight Time elapsed time: 0 seconds (0d 0h 0m 0s)

---------------  T H R E A D  ---------------

Current thread (0x000001df1c66b800):  JavaThread "Unknown thread" [_thread_in_vm, id=25280, stack(0x0000006a89e00000,0x0000006a89f00000)]

Stack: [0x0000006a89e00000,0x0000006a89f00000]
Native frames: (J=compiled Java code, j=interpreted, Vv=VM code, C=native code)
V  [jvm.dll+0x624f9a]
V  [jvm.dll+0x770cfa]
V  [jvm.dll+0x7724af]
V  [jvm.dll+0x772ab3]
V  [jvm.dll+0x24bf08]
V  [jvm.dll+0x6222aa]
V  [jvm.dll+0x6170b5]
V  [jvm.dll+0x30a88c]
V  [jvm.dll+0x30a6c2]
V  [jvm.dll+0x30fe36]
V  [jvm.dll+0x353f59]
V  [jvm.dll+0x353720]
V  [jvm.dll+0x2e550a]
V  [jvm.dll+0x2e67a2]
V  [jvm.dll+0x74dd78]
V  [jvm.dll+0x361989]
V  [jvm.dll+0x730e65]
V  [jvm.dll+0x3cc53f]
V  [jvm.dll+0x3ce861]
C  [jli.dll+0x51ff]
C  [ucrtbase.dll+0x21bb2]
C  [KERNEL32.DLL+0x17034]
C  [ntdll.dll+0x52651]


---------------  P R O C E S S  ---------------

Threads class SMR info:
_java_thread_list=0x00007ffb3724ccb8, length=0, elements={
}

Java Threads: ( => current thread )

Other Threads:
  0x000001df1c6d8800 GCTaskThread "GC Thread#0" [stack: 0x0000006a89f00000,0x0000006a8a000000] [id=22656]
  0x000001df1c6fb000 ConcurrentGCThread "G1 Main Marker" [stack: 0x0000006a8a000000,0x0000006a8a100000] [id=19560]
  0x000001df1c6fc800 ConcurrentGCThread "G1 Conc#0" [stack: 0x0000006a8a100000,0x0000006a8a200000] [id=6468]

[error occurred during error reporting (printing all threads), id 0xc0000005, EXCEPTION_ACCESS_VIOLATION (0xc0000005) at pc=0x00007ffb36a851d7]

VM state:not at safepoint (not fully initialized)

VM Mutex/Monitor currently owned by a thread:  ([mutex/lock_event])
[0x000001df1c667b80] Heap_lock - owner thread: 0x000001df1c66b800

Heap address: 0x0000000702400000, size: 4060 MB, Compressed Oops mode: Non-zero based: 0x0000000702400000
Narrow klass base: 0x0000000000000000, Narrow klass shift: 0

GC Heap History (0 events):
No events

Deoptimization events (0 events):
No events

Classes unloaded (0 events):
No events

Classes redefined (0 events):
No events

Internal exceptions (0 events):
No events

Events (8 events):
Event: 0.008 Loaded shared library C:\Program Files\Java\jdk-13.0.2\bin\zip.dll
Event: 0.009 Loaded shared library C:\Program Files\Java\jdk-13.0.2\bin\jimage.dll
Event: 0.010 Loading shared library C:\Program Files\Java\jdk-13.0.2\lib\libjava.base-coop.dll failed, error code 126
Event: 0.010 Loading shared library C:\Program Files\Java\jdk-13.0.2\lib\libjava.logging-coop.dll failed, error code 126
Event: 0.010 Loading shared library C:\Program Files\Java\jdk-13.0.2\lib\libjdk.compiler-coop.dll failed, error code 126
Event: 0.010 Loading shared library C:\Program Files\Java\jdk-13.0.2\lib\libjdk.scripting.nashorn-coop.dll failed, error code 126
Event: 0.010 Loading shared library C:\Program Files\Java\jdk-13.0.2\lib\libjdk.internal.vm.ci-coop.dll failed, error code 126
Event: 0.010 Loading shared library C:\Program Files\Java\jdk-13.0.2\lib\libjdk.internal.vm.compiler-coop.dll failed, error code 126


Dynamic libraries:
0x00007ff6aad50000 - 0x00007ff6aad5f000 	C:\Program Files\Java\jdk-13.0.2\bin\java.exe
0x00007ffb98c70000 - 0x00007ffb98e65000 	C:\WINDOWS\SYSTEM32\ntdll.dll
0x00007ffb975c0000 - 0x00007ffb9767e000 	C:\WINDOWS\System32\KERNEL32.DLL
0x00007ffb96390000 - 0x00007ffb96659000 	C:\WINDOWS\System32\KERNELBASE.dll
0x00007ffb96730000 - 0x00007ffb96830000 	C:\WINDOWS\System32\ucrtbase.dll
0x00007ffb71960000 - 0x00007ffb71975000 	C:\Program Files\Java\jdk-13.0.2\bin\VCRUNTIME140.dll
0x00007ffb70750000 - 0x00007ffb70768000 	C:\Program Files\Java\jdk-13.0.2\bin\jli.dll
0x00007ffb971b0000 - 0x00007ffb9725c000 	C:\WINDOWS\System32\ADVAPI32.dll
0x00007ffb970e0000 - 0x00007ffb9717e000 	C:\WINDOWS\System32\msvcrt.dll
0x00007ffb97bb0000 - 0x00007ffb97c4b000 	C:\WINDOWS\System32\sechost.dll
0x00007ffb98100000 - 0x00007ffb9822a000 	C:\WINDOWS\System32\RPCRT4.dll
0x00007ffb96e70000 - 0x00007ffb97011000 	C:\WINDOWS\System32\USER32.dll
0x00007ffb96700000 - 0x00007ffb96722000 	C:\WINDOWS\System32\win32u.dll
0x00007ffb84e70000 - 0x00007ffb8510a000 	C:\WINDOWS\WinSxS\amd64_microsoft.windows.common-controls_6595b64144ccf1df_6.0.19041.1110_none_60b5254171f9507e\COMCTL32.dll
0x00007ffb97180000 - 0x00007ffb971ab000 	C:\WINDOWS\System32\GDI32.dll
0x00007ffb96bb0000 - 0x00007ffb96cbb000 	C:\WINDOWS\System32\gdi32full.dll
0x00007ffb96660000 - 0x00007ffb966fd000 	C:\WINDOWS\System32\msvcp_win.dll
0x00007ffb8fec0000 - 0x00007ffb8feca000 	C:\WINDOWS\SYSTEM32\VERSION.dll
0x00007ffb97cc0000 - 0x00007ffb97cf0000 	C:\WINDOWS\System32\IMM32.DLL
0x00007ffb39cf0000 - 0x00007ffb39d8b000 	C:\Program Files\Java\jdk-13.0.2\bin\msvcp140.dll
0x00007ffb36790000 - 0x00007ffb372ed000 	C:\Program Files\Java\jdk-13.0.2\bin\server\jvm.dll
0x00007ffb97c50000 - 0x00007ffb97c58000 	C:\WINDOWS\System32\PSAPI.DLL
0x00007ffb8ae10000 - 0x00007ffb8ae37000 	C:\WINDOWS\SYSTEM32\WINMM.dll
0x00007ffb91630000 - 0x00007ffb91639000 	C:\WINDOWS\SYSTEM32\WSOCK32.dll
0x00007ffb97d10000 - 0x00007ffb97d7b000 	C:\WINDOWS\System32\WS2_32.dll
0x00007ffb94c60000 - 0x00007ffb94c72000 	C:\WINDOWS\SYSTEM32\kernel.appcore.dll
0x00007ffb7ae30000 - 0x00007ffb7ae40000 	C:\Program Files\Java\jdk-13.0.2\bin\verify.dll
0x00007ffb93fd0000 - 0x00007ffb941b4000 	C:\WINDOWS\SYSTEM32\DBGHELP.DLL
0x00007ffb8d8a0000 - 0x00007ffb8d8cc000 	C:\WINDOWS\SYSTEM32\dbgcore.DLL
0x00007ffb96a20000 - 0x00007ffb96aa3000 	C:\WINDOWS\System32\bcryptPrimitives.dll
0x00007ffb49280000 - 0x00007ffb492a6000 	C:\Program Files\Java\jdk-13.0.2\bin\java.dll
0x00007ffb71940000 - 0x00007ffb71957000 	C:\Program Files\Java\jdk-13.0.2\bin\zip.dll
0x00007ffb7ada0000 - 0x00007ffb7adaa000 	C:\Program Files\Java\jdk-13.0.2\bin\jimage.dll

dbghelp: loaded successfully - version: 4.0.5 - missing functions: none
symbol engine: initialized successfully - sym options: 0x614 - pdb path: .;C:\Program Files\Java\jdk-13.0.2\bin;C:\WINDOWS\SYSTEM32;C:\WINDOWS\WinSxS\amd64_microsoft.windows.common-controls_6595b64144ccf1df_6.0.19041.1110_none_60b5254171f9507e;C:\Program Files\Java\jdk-13.0.2\bin\server

VM Arguments:
java_command: com.mycompany.movieticket.movieticket
java_class_path (initial): C:\Users\mteob\Documents\NetBeansProjects\Movieticket\target\classes
Launcher Type: SUN_STANDARD

[Global flags]
     intx CICompilerCount                          = 4                                         {product} {ergonomic}
     uint ConcGCThreads                            = 3                                         {product} {ergonomic}
     uint G1ConcRefinementThreads                  = 10                                        {product} {ergonomic}
   size_t G1HeapRegionSize                         = 1048576                                   {product} {ergonomic}
    uintx GCDrainStackTargetSize                   = 64                                        {product} {ergonomic}
   size_t InitialHeapSize                          = 266338304                                 {product} {ergonomic}
   size_t MarkStackSize                            = 4194304                                   {product} {ergonomic}
   size_t MaxHeapSize                              = 4257218560                                {product} {ergonomic}
   size_t MinHeapDeltaBytes                        = 1048576                                   {product} {ergonomic}
   size_t MinHeapSize                              = 8388608                                   {product} {ergonomic}
    uintx NonNMethodCodeHeapSize                   = 5839372                                {pd product} {ergonomic}
    uintx NonProfiledCodeHeapSize                  = 122909434                              {pd product} {ergonomic}
    uintx ProfiledCodeHeapSize                     = 122909434                              {pd product} {ergonomic}
    uintx ReservedCodeCacheSize                    = 251658240                              {pd product} {ergonomic}
     bool SegmentedCodeCache                       = true                                      {product} {ergonomic}
   size_t SoftMaxHeapSize                          = 4257218560                             {manageable} {ergonomic}
     bool UseCompressedClassPointers               = true                                 {lp64_product} {ergonomic}
     bool UseCompressedOops                        = true                                 {lp64_product} {ergonomic}
     bool UseG1GC                                  = true                                      {product} {ergonomic}
     bool UseLargePagesIndividualAllocation        = false                                  {pd product} {ergonomic}

Logging:
Log output configuration:
 #0: stdout all=warning uptime,level,tags
 #1: stderr all=off uptime,level,tags

Environment Variables:
JAVA_HOME=C:\Program Files\Java\jdk-13.0.2
PATH=C:\Program Files (x86)\Common Files\Oracle\Java\javapath;C:\Program Files (x86)\Intel\Intel(R) Management Engine Components\iCLS\;C:\Program Files\Intel\Intel(R) Management Engine Components\iCLS\;C:\Windows\system32;C:\Windows;C:\Windows\System32\Wbem;C:\Windows\System32\WindowsPowerShell\v1.0\;C:\Program Files (x86)\Intel\Intel(R) Management Engine Components\DAL;C:\Program Files\Intel\Intel(R) Management Engine Components\DAL;C:\Program Files (x86)\Intel\Intel(R) Management Engine Components\IPT;C:\Program Files\Intel\Intel(R) Management Engine Components\IPT;C:\Program Files (x86)\NVIDIA Corporation\PhysX\Common;C:\WINDOWS\system32;C:\WINDOWS;C:\WINDOWS\System32\Wbem;C:\WINDOWS\System32\WindowsPowerShell\v1.0\;C:\WINDOWS\System32\OpenSSH\;C:\Program Files\Intel\WiFi\bin\;C:\Program Files\Common Files\Intel\WirelessCommon\;C:\Users\mteob\AppData\Local\Microsoft\WindowsApps;
USERNAME=mteob
OS=Windows_NT
PROCESSOR_IDENTIFIER=Intel64 Family 6 Model 158 Stepping 10, GenuineIntel



---------------  S Y S T E M  ---------------

OS: Windows 10 , 64 bit Build 19041 (10.0.19041.1202)

CPU:total 12 (initial active 12) (6 cores per cpu, 2 threads per core) family 6 model 158 stepping 10, cmov, cx8, fxsr, mmx, sse, sse2, sse3, ssse3, sse4.1, sse4.2, popcnt, avx, avx2, aes, clmul, erms, 3dnowpref, lzcnt, ht, tsc, tscinvbit, bmi1, bmi2, adx, fma

Memory: 4k page, system-wide physical 16235M (4126M free)
TotalPageFile size 22647M (AvailPageFile size 13M)
current process WorkingSet (physical memory assigned to process): 10M, peak: 10M
current process commit charge ("private bytes"): 319M, peak: 323M

vm_info: Java HotSpot(TM) 64-Bit Server VM (13.0.2+8) for windows-amd64 JRE (13.0.2+8), built on Dec 11 2019 09:20:33 by "mach5one" with unknown MS VC++:1916

END.
